<?xml version="1.0" encoding="UTF-8"?>
<!-- Generated by org.testng.reporters.JUnitXMLReporter -->
<testsuite ignored="0" hostname="Zahids-MacBook-Pro.local" failures="0" tests="4" name="Test" time="54.608" errors="0" timestamp="2021-07-01T01:05:47 PDT">
  <testcase classname="testCases.ValidateNavBar" name="checkNavBar" time="0.1"/>
  <testcase classname="testCases.ValidateTitle" name="checkText" time="0.051"/>
  <testcase classname="testCases.ValLoginFunctions" name="DemoTest" time="2.832"/>
  <testcase classname="testCases.ValLoginFunctions" name="DemoTest" time="3.045"/>
</testsuite> <!-- Test -->
