<?xml version="1.0" encoding="UTF-8"?>
<testsuite xmlns:xsi="http://www.w3.org/2001/XMLSchema-instance" xsi:noNamespaceSchemaLocation="https://maven.apache.org/surefire/maven-surefire-plugin/xsd/surefire-test-report.xsd" name="TestSuite" time="21.984" tests="5" errors="0" skipped="0" failures="0">
  <properties>
[...]
</properties>
  <testcase name="checkSubTitle" classname="testCases.ValidateTitle" time="0.16"/>
  <testcase name="checkText" classname="testCases.ValidateTitle" time="0.063"/>
  <testcase name="checkNavBar" classname="testCases.ValidateNavBar" time="0.12"/>
  <testcase name="DemoTest" classname="testCases.ValLoginFunctions" time="3.863"/>
  <testcase name="DemoTest" classname="testCases.ValLoginFunctions" time="1.658"/>
</testsuite>