<?xml version="1.0" encoding="UTF-8"?>
<testng-results ignored="0" total="1" passed="1" failed="0" skipped="0">
  <reporter-output>
  </reporter-output>
  <suite started-at="2021-07-11T05:02:14 PDT" name="Suite" finished-at="2021-07-11T05:02:47 PDT" duration-ms="32323">
    <groups>
      <group name="cucumber">
        <method signature="AbstractTestNGCucumberTests.feature(cucumber.api.testng.CucumberFeatureWrapper)[pri:0, instance:cucumberOptions.TestRunner@a38c7fe]" name="feature" class="cucumber.api.testng.AbstractTestNGCucumberTests"/>
      </group> <!-- cucumber -->
    </groups>
    <test started-at="2021-07-11T05:02:14 PDT" name="Positive test validating login" finished-at="2021-07-11T05:02:47 PDT" duration-ms="32323">
      <class name="cucumberOptions.TestRunner">
        <test-method is-config="true" signature="setUpClass()[pri:0, instance:cucumberOptions.TestRunner@a38c7fe]" started-at="2021-07-11T05:02:14 PDT" name="setUpClass" finished-at="2021-07-11T05:02:15 PDT" duration-ms="260" status="PASS">
          <reporter-output>
          </reporter-output>
        </test-method> <!-- setUpClass -->
        <test-method signature="feature(cucumber.api.testng.CucumberFeatureWrapper)[pri:0, instance:cucumberOptions.TestRunner@a38c7fe]" started-at="2021-07-11T05:02:15 PDT" name="feature" description="Runs Cucumber Feature" data-provider="features" finished-at="2021-07-11T05:02:47 PDT" duration-ms="31903" status="PASS">
          <params>
            <param index="0">
              <value>
                <![CDATA[Login into application]]>
              </value>
            </param>
          </params>
          <reporter-output>
          </reporter-output>
        </test-method> <!-- feature -->
        <test-method is-config="true" signature="tearDownClass()[pri:0, instance:cucumberOptions.TestRunner@a38c7fe]" started-at="2021-07-11T05:02:47 PDT" name="tearDownClass" finished-at="2021-07-11T05:02:47 PDT" duration-ms="5" status="PASS">
          <reporter-output>
          </reporter-output>
        </test-method> <!-- tearDownClass -->
      </class> <!-- cucumberOptions.TestRunner -->
    </test> <!-- Positive test validating login -->
  </suite> <!-- Suite -->
</testng-results>
